<?xml version="1.0" encoding="UTF-8"?>
<!-- Generated by org.testng.reporters.JUnitXMLReporter -->
<testsuite hostname="USER-20160905MH" name="Default test" tests="4" failures="0" timestamp="2 Apr 2018 10:46:52 GMT" time="30.713" errors="0">
  <testcase name="login" time="8.343" classname="selenium.testng.LoginTest"/>
  <testcase name="login" time="6.264" classname="selenium.testng.LoginTest"/>
  <testcase name="login" time="6.749" classname="selenium.testng.LoginTest"/>
  <testcase name="login" time="6.153" classname="selenium.testng.LoginTest"/>
</testsuite> <!-- Default test -->
