<?xml version="1.0" encoding="UTF-8"?>
<!-- Generated by org.testng.reporters.JUnitXMLReporter -->
<testsuite hostname="USER-20160905MH" name="login1" tests="4" failures="0" timestamp="3 Apr 2018 07:48:06 GMT" time="26.534" errors="0">
  <testcase name="login" time="8.592" classname="selenium.testng.LoginTest"/>
  <testcase name="login" time="10.467" classname="selenium.testng.LoginTest"/>
  <testcase name="login" time="7.088" classname="selenium.testng.LoginTest"/>
  <testcase name="login" time="6.824" classname="selenium.testng.LoginTest"/>
</testsuite> <!-- login1 -->
