<?xml version="1.0" encoding="UTF-8"?>
<!-- Generated by org.testng.reporters.JUnitXMLReporter -->
<testsuite hostname="USER-20160905MH" name="login" tests="4" failures="0" timestamp="3 Apr 2018 07:48:07 GMT" time="27.003" errors="0">
  <testcase name="login" time="11.186" classname="selenium.testng.LoginTest"/>
  <testcase name="login" time="8.705" classname="selenium.testng.LoginTest"/>
  <testcase name="login" time="9.519" classname="selenium.testng.LoginTest"/>
  <testcase name="login" time="9.631" classname="selenium.testng.LoginTest"/>
</testsuite> <!-- login -->
